<html><body><h1>Test Execution Summary - 02-Jun-2021 13:03:58</h1>htmlsampleTest0(JUnitTestReporter.JUnitHTMLSampleTest) success!<br/>htmlsampleTest1(JUnitTestReporter.JUnitHTMLSampleTest) AssertionError<br/>htmlsampleTest2(JUnitTestReporter.JUnitHTMLSampleTest) success!<br/>htmlsampleTest4(JUnitTestReporter.JUnitHTMLSampleTest) AssertionError<br/></body></html><html><body><h1>Test Execution Summary - 02-Jun-2021 13:07:01</h1>loginTest(JUnitTestReporter.JUnitHTMLSampleTest) NoSuchElementException<br/>htmlsampleTest1(JUnitTestReporter.JUnitHTMLSampleTest) NoSuchElementException<br/></body></html><html><body><h1>Test Execution Summary - 02-Jun-2021 13:09:36</h1>loginTest(JUnitTestReporter.JUnitHTMLSampleTest) success!<br/>loginValidation(JUnitTestReporter.JUnitHTMLSampleTest) NoSuchElementException<br/></body></html><html><body><h1>Test Execution Summary - 02-Jun-2021 13:14:51</h1>loginTest(JUnitTestReporter.JUnitHTMLSampleTest) success!<br/>loginValidation(JUnitTestReporter.JUnitHTMLSampleTest) NoSuchElementException<br/></body></html><html><body><h1>Test Execution Summary - 02-Jun-2021 13:18:57</h1>loginTest(JUnitTestReporter.JUnitHTMLSampleTest) success!<br/>loginValidation(JUnitTestReporter.JUnitHTMLSampleTest) NoSuchElementException<br/></body></html><html><body><h1>Test Execution Summary - 02-Jun-2021 13:21:22</h1>loginTest(JUnitTestReporter.JUnitHTMLSampleTest) success!<br/>loginValidation(JUnitTestReporter.JUnitHTMLSampleTest) success!<br/></body></html><html><body><h1>Test Execution Summary - 02-Jun-2021 13:23:30</h1>loginTest(JUnitTestReporter.JUnitHTMLSampleTest) success!<br/>loginValidation(JUnitTestReporter.JUnitHTMLSampleTest) success!<br/></body></html><html><body><h1>Test Execution Summary - 02-Jun-2021 18:11:50</h1>loginTest(JUnitTestReporter.JUnitHTMLSampleTest) success!<br/>loginValidation(JUnitTestReporter.JUnitHTMLSampleTest) success!<br/></body></html><html><body><h1>Test Execution Summary - 02-Jun-2021 18:14:37</h1>loginTest(JUnitTestReporter.JUnitHTMLSampleTest) success!<br/>loginValidation(JUnitTestReporter.JUnitHTMLSampleTest) success!<br/></body></html>